mode: set
erp-system/internal/usecases/auth_usecase.go:19.66,21.2 1 0
erp-system/internal/usecases/auth_usecase.go:24.85,27.16 2 0
erp-system/internal/usecases/auth_usecase.go:27.16,29.3 1 0
erp-system/internal/usecases/auth_usecase.go:32.2,32.99 1 0
erp-system/internal/usecases/auth_usecase.go:32.99,34.3 1 0
erp-system/internal/usecases/auth_usecase.go:37.2,37.20 1 0
erp-system/internal/usecases/auth_usecase.go:37.20,39.3 1 0
erp-system/internal/usecases/auth_usecase.go:42.2,43.16 2 0
erp-system/internal/usecases/auth_usecase.go:43.16,45.3 1 0
erp-system/internal/usecases/auth_usecase.go:47.2,48.16 2 0
erp-system/internal/usecases/auth_usecase.go:48.16,50.3 1 0
erp-system/internal/usecases/auth_usecase.go:53.2,64.8 5 0
erp-system/internal/usecases/customer_usecase.go:17.202,24.2 1 0
erp-system/internal/usecases/customer_usecase.go:27.116,50.25 3 0
erp-system/internal/usecases/customer_usecase.go:50.25,52.3 1 0
erp-system/internal/usecases/customer_usecase.go:54.2,54.57 1 0
erp-system/internal/usecases/customer_usecase.go:54.57,56.3 1 0
erp-system/internal/usecases/customer_usecase.go:58.2,58.22 1 0
erp-system/internal/usecases/customer_usecase.go:62.75,64.2 1 0
erp-system/internal/usecases/customer_usecase.go:67.110,69.2 1 0
erp-system/internal/usecases/customer_usecase.go:72.107,74.2 1 0
erp-system/internal/usecases/customer_usecase.go:77.92,79.16 2 0
erp-system/internal/usecases/customer_usecase.go:79.16,81.3 1 0
erp-system/internal/usecases/customer_usecase.go:83.2,101.41 15 0
erp-system/internal/usecases/customer_usecase.go:105.58,107.2 1 0
erp-system/internal/usecases/customer_usecase.go:110.110,118.57 2 0
erp-system/internal/usecases/customer_usecase.go:118.57,120.3 1 0
erp-system/internal/usecases/customer_usecase.go:123.2,123.29 1 0
erp-system/internal/usecases/customer_usecase.go:123.29,126.71 2 0
erp-system/internal/usecases/customer_usecase.go:126.71,128.14 1 0
erp-system/internal/usecases/customer_usecase.go:128.14,131.5 1 0
erp-system/internal/usecases/customer_usecase.go:135.2,135.12 1 0
erp-system/internal/usecases/customer_usecase.go:139.94,141.2 1 0
erp-system/internal/usecases/customer_usecase.go:144.93,152.2 2 0
erp-system/internal/usecases/customer_usecase.go:155.93,157.2 1 0
erp-system/internal/usecases/inventory_usecase.go:13.83,15.2 1 0
erp-system/internal/usecases/inventory_usecase.go:18.102,32.16 3 0
erp-system/internal/usecases/inventory_usecase.go:32.16,34.3 1 0
erp-system/internal/usecases/inventory_usecase.go:36.2,36.21 1 0
erp-system/internal/usecases/inventory_usecase.go:39.111,41.16 2 0
erp-system/internal/usecases/inventory_usecase.go:41.16,43.3 1 0
erp-system/internal/usecases/inventory_usecase.go:45.2,45.20 1 0
erp-system/internal/usecases/inventory_usecase.go:45.20,47.3 1 0
erp-system/internal/usecases/inventory_usecase.go:48.2,48.27 1 0
erp-system/internal/usecases/inventory_usecase.go:48.27,50.3 1 0
erp-system/internal/usecases/inventory_usecase.go:51.2,51.24 1 0
erp-system/internal/usecases/inventory_usecase.go:51.24,53.3 1 0
erp-system/internal/usecases/inventory_usecase.go:54.2,54.23 1 0
erp-system/internal/usecases/inventory_usecase.go:54.23,56.3 1 0
erp-system/internal/usecases/inventory_usecase.go:57.2,57.26 1 0
erp-system/internal/usecases/inventory_usecase.go:57.26,59.3 1 0
erp-system/internal/usecases/inventory_usecase.go:60.2,60.26 1 0
erp-system/internal/usecases/inventory_usecase.go:60.26,62.3 1 0
erp-system/internal/usecases/inventory_usecase.go:63.2,63.27 1 0
erp-system/internal/usecases/inventory_usecase.go:63.27,65.3 1 0
erp-system/internal/usecases/inventory_usecase.go:66.2,66.25 1 0
erp-system/internal/usecases/inventory_usecase.go:66.25,68.3 1 0
erp-system/internal/usecases/inventory_usecase.go:70.2,71.16 2 0
erp-system/internal/usecases/inventory_usecase.go:71.16,73.3 1 0
erp-system/internal/usecases/inventory_usecase.go:75.2,75.21 1 0
erp-system/internal/usecases/inventory_usecase.go:78.58,80.2 1 0
erp-system/internal/usecases/inventory_usecase.go:82.74,84.2 1 0
erp-system/internal/usecases/inventory_usecase.go:86.123,88.2 1 0
erp-system/internal/usecases/inventory_usecase.go:91.96,98.2 3 0
erp-system/internal/usecases/inventory_usecase.go:100.72,102.2 1 0
erp-system/internal/usecases/notification_usecase.go:12.92,14.2 1 0
erp-system/internal/usecases/notification_usecase.go:16.104,25.2 2 0
erp-system/internal/usecases/notification_usecase.go:27.86,29.2 1 0
erp-system/internal/usecases/notification_usecase.go:31.58,33.2 1 0
erp-system/internal/usecases/production_usecase.go:12.86,14.2 1 0
erp-system/internal/usecases/production_usecase.go:16.130,18.16 2 0
erp-system/internal/usecases/production_usecase.go:18.16,20.3 1 0
erp-system/internal/usecases/production_usecase.go:22.2,33.16 3 0
erp-system/internal/usecases/production_usecase.go:33.16,35.3 1 0
erp-system/internal/usecases/production_usecase.go:37.2,37.19 1 0
erp-system/internal/usecases/production_usecase.go:40.113,42.2 1 0
erp-system/internal/usecases/production_usecase.go:44.81,46.2 1 0
erp-system/internal/usecases/production_usecase.go:48.87,50.2 1 0
erp-system/internal/usecases/sales_usecase.go:14.113,19.2 1 0
erp-system/internal/usecases/sales_usecase.go:21.110,23.16 2 0
erp-system/internal/usecases/sales_usecase.go:23.16,25.3 1 0
erp-system/internal/usecases/sales_usecase.go:27.2,39.36 3 0
erp-system/internal/usecases/sales_usecase.go:39.36,48.3 5 0
erp-system/internal/usecases/sales_usecase.go:51.2,52.36 2 0
erp-system/internal/usecases/sales_usecase.go:52.36,70.3 8 0
erp-system/internal/usecases/sales_usecase.go:72.2,80.16 7 0
erp-system/internal/usecases/sales_usecase.go:80.16,82.3 1 0
erp-system/internal/usecases/sales_usecase.go:84.2,84.91 1 0
erp-system/internal/usecases/sales_usecase.go:84.91,86.3 1 0
erp-system/internal/usecases/sales_usecase.go:89.2,90.16 2 0
erp-system/internal/usecases/sales_usecase.go:90.16,92.3 1 0
erp-system/internal/usecases/sales_usecase.go:95.2,98.19 3 0
erp-system/internal/usecases/sales_usecase.go:101.120,102.14 1 0
erp-system/internal/usecases/sales_usecase.go:102.14,104.3 1 0
erp-system/internal/usecases/sales_usecase.go:105.2,105.30 1 0
erp-system/internal/usecases/sales_usecase.go:105.30,107.3 1 0
erp-system/internal/usecases/sales_usecase.go:109.2,109.62 1 0
erp-system/internal/usecases/sales_usecase.go:112.71,114.2 1 0
erp-system/internal/usecases/settings_usecase.go:12.80,14.2 1 0
erp-system/internal/usecases/settings_usecase.go:16.77,17.35 1 0
erp-system/internal/usecases/settings_usecase.go:17.35,20.77 2 0
erp-system/internal/usecases/settings_usecase.go:20.77,22.4 1 0
erp-system/internal/usecases/settings_usecase.go:24.3,25.17 2 0
erp-system/internal/usecases/settings_usecase.go:25.17,27.4 1 0
erp-system/internal/usecases/settings_usecase.go:29.2,29.12 1 0
erp-system/internal/usecases/settings_usecase.go:32.69,34.16 2 0
erp-system/internal/usecases/settings_usecase.go:34.16,36.3 1 0
erp-system/internal/usecases/settings_usecase.go:38.2,39.33 2 0
erp-system/internal/usecases/settings_usecase.go:39.33,41.3 1 0
erp-system/internal/usecases/settings_usecase.go:42.2,42.20 1 0
